<?xml version="1.0" encoding="UTF-8"?>
<!-- Generated by org.testng.reporters.JUnitXMLReporter -->
<testsuite ignored="0" hostname="DESKTOP-4K2IFQ7" failures="0" tests="4" name="Default test" time="5.885" errors="0" timestamp="2023-07-16T00:17:19 IST">
  <testcase classname="tests.LoginTest" name="loginPageTitleTest" time="0.037"/>
  <testcase classname="tests.LoginTest" name="loginPageURLTest" time="0.045"/>
  <testcase classname="tests.LoginTest" name="isForgotPwdLinkExistTest" time="0.124"/>
  <testcase classname="tests.LoginTest" name="doLogin" time="0.955"/>
</testsuite> <!-- Default test -->
