<?xml version="1.0" encoding="UTF-8"?>
<testng-results ignored="0" total="4" passed="4" failed="0" skipped="0">
  <reporter-output>
  </reporter-output>
  <suite started-at="2023-07-16T00:17:13 IST" name="Default suite" finished-at="2023-07-16T00:17:19 IST" duration-ms="5885">
    <groups>
    </groups>
    <test started-at="2023-07-16T00:17:13 IST" name="Default test" finished-at="2023-07-16T00:17:19 IST" duration-ms="5885">
      <class name="tests.LoginTest">
        <test-method is-config="true" signature="setup()[pri:0, instance:tests.LoginTest@4944252c]" started-at="2023-07-16T00:17:13 IST" name="setup" finished-at="2023-07-16T00:17:17 IST" duration-ms="3952" status="PASS">
          <reporter-output>
          </reporter-output>
        </test-method> <!-- setup -->
        <test-method signature="loginPageTitleTest()[pri:1, instance:tests.LoginTest@4944252c]" started-at="2023-07-16T00:17:17 IST" name="loginPageTitleTest" finished-at="2023-07-16T00:17:17 IST" duration-ms="37" status="PASS">
          <reporter-output>
          </reporter-output>
        </test-method> <!-- loginPageTitleTest -->
        <test-method signature="loginPageURLTest()[pri:2, instance:tests.LoginTest@4944252c]" started-at="2023-07-16T00:17:17 IST" name="loginPageURLTest" finished-at="2023-07-16T00:17:18 IST" duration-ms="45" status="PASS">
          <reporter-output>
          </reporter-output>
        </test-method> <!-- loginPageURLTest -->
        <test-method signature="isForgotPwdLinkExistTest()[pri:3, instance:tests.LoginTest@4944252c]" started-at="2023-07-16T00:17:18 IST" name="isForgotPwdLinkExistTest" finished-at="2023-07-16T00:17:18 IST" duration-ms="124" status="PASS">
          <reporter-output>
          </reporter-output>
        </test-method> <!-- isForgotPwdLinkExistTest -->
        <test-method signature="doLogin()[pri:4, instance:tests.LoginTest@4944252c]" started-at="2023-07-16T00:17:18 IST" name="doLogin" finished-at="2023-07-16T00:17:19 IST" duration-ms="955" status="PASS">
          <reporter-output>
          </reporter-output>
        </test-method> <!-- doLogin -->
        <test-method is-config="true" signature="tearDown()[pri:0, instance:tests.LoginTest@4944252c]" started-at="2023-07-16T00:17:19 IST" name="tearDown" finished-at="2023-07-16T00:17:19 IST" duration-ms="723" status="PASS">
          <reporter-output>
          </reporter-output>
        </test-method> <!-- tearDown -->
      </class> <!-- tests.LoginTest -->
    </test> <!-- Default test -->
  </suite> <!-- Default suite -->
</testng-results>
